<?xml version="1.0" encoding="UTF-8"?>
<testsuite xmlns:xsi="http://www.w3.org/2001/XMLSchema-instance" xsi:noNamespaceSchemaLocation="https://maven.apache.org/surefire/maven-surefire-plugin/xsd/surefire-test-report.xsd" name="domain.PrendaTest" time="0.111" tests="6" errors="4" skipped="0" failures="0">
  <properties>
    <property name="sun.desktop" value="gnome"/>
    <property name="awt.toolkit" value="sun.awt.X11.XToolkit"/>
    <property name="java.specification.version" value="11"/>
    <property name="sun.cpu.isalist" value=""/>
    <property name="sun.jnu.encoding" value="UTF-8"/>
    <property name="java.class.path" value="/home/ealon/git/qmp/target/test-classes:/home/ealon/git/qmp/target/classes:/home/ealon/.m2/repository/org/jetbrains/annotations/23.0.0/annotations-23.0.0.jar:/home/ealon/.m2/repository/org/junit/jupiter/junit-jupiter/5.8.2/junit-jupiter-5.8.2.jar:/home/ealon/.m2/repository/org/junit/jupiter/junit-jupiter-api/5.8.2/junit-jupiter-api-5.8.2.jar:/home/ealon/.m2/repository/org/opentest4j/opentest4j/1.2.0/opentest4j-1.2.0.jar:/home/ealon/.m2/repository/org/junit/platform/junit-platform-commons/1.8.2/junit-platform-commons-1.8.2.jar:/home/ealon/.m2/repository/org/apiguardian/apiguardian-api/1.1.2/apiguardian-api-1.1.2.jar:/home/ealon/.m2/repository/org/junit/jupiter/junit-jupiter-params/5.8.2/junit-jupiter-params-5.8.2.jar:/home/ealon/.m2/repository/org/junit/jupiter/junit-jupiter-engine/5.8.2/junit-jupiter-engine-5.8.2.jar:/home/ealon/.m2/repository/org/junit/platform/junit-platform-engine/1.8.2/junit-platform-engine-1.8.2.jar:/home/ealon/.m2/repository/com/sun/jersey/jersey-client/1.19.4/jersey-client-1.19.4.jar:/home/ealon/.m2/repository/com/sun/jersey/jersey-core/1.19.4/jersey-core-1.19.4.jar:/home/ealon/.m2/repository/javax/ws/rs/jsr311-api/1.1.1/jsr311-api-1.1.1.jar:/home/ealon/.m2/repository/com/sun/jersey/jersey-json/1.19.4/jersey-json-1.19.4.jar:/home/ealon/.m2/repository/org/codehaus/jettison/jettison/1.1/jettison-1.1.jar:/home/ealon/.m2/repository/com/sun/xml/bind/jaxb-impl/2.2.3-1/jaxb-impl-2.2.3-1.jar:/home/ealon/.m2/repository/javax/xml/bind/jaxb-api/2.2.2/jaxb-api-2.2.2.jar:/home/ealon/.m2/repository/javax/xml/stream/stax-api/1.0-2/stax-api-1.0-2.jar:/home/ealon/.m2/repository/javax/activation/activation/1.1/activation-1.1.jar:/home/ealon/.m2/repository/org/codehaus/jackson/jackson-core-asl/1.9.2/jackson-core-asl-1.9.2.jar:/home/ealon/.m2/repository/org/codehaus/jackson/jackson-mapper-asl/1.9.2/jackson-mapper-asl-1.9.2.jar:/home/ealon/.m2/repository/org/codehaus/jackson/jackson-jaxrs/1.9.2/jackson-jaxrs-1.9.2.jar:/home/ealon/.m2/repository/org/codehaus/jackson/jackson-xc/1.9.2/jackson-xc-1.9.2.jar:"/>
    <property name="java.vm.vendor" value="Private Build"/>
    <property name="sun.arch.data.model" value="64"/>
    <property name="java.vendor.url" value="Unknown"/>
    <property name="user.timezone" value=""/>
    <property name="java.vm.specification.version" value="11"/>
    <property name="os.name" value="Linux"/>
    <property name="sun.java.launcher" value="SUN_STANDARD"/>
    <property name="user.country" value="US"/>
    <property name="sun.boot.library.path" value="/usr/lib/jvm/java-11-openjdk-amd64/lib"/>
    <property name="sun.java.command" value="/home/ealon/git/qmp/target/surefire/surefirebooter11338690688840193463.jar /home/ealon/git/qmp/target/surefire 2022-06-09T22-18-59_153-jvmRun1 surefire6327539082544347912tmp surefire_05855092045815951360tmp"/>
    <property name="jdk.debug" value="release"/>
    <property name="surefire.test.class.path" value="/home/ealon/git/qmp/target/test-classes:/home/ealon/git/qmp/target/classes:/home/ealon/.m2/repository/org/jetbrains/annotations/23.0.0/annotations-23.0.0.jar:/home/ealon/.m2/repository/org/junit/jupiter/junit-jupiter/5.8.2/junit-jupiter-5.8.2.jar:/home/ealon/.m2/repository/org/junit/jupiter/junit-jupiter-api/5.8.2/junit-jupiter-api-5.8.2.jar:/home/ealon/.m2/repository/org/opentest4j/opentest4j/1.2.0/opentest4j-1.2.0.jar:/home/ealon/.m2/repository/org/junit/platform/junit-platform-commons/1.8.2/junit-platform-commons-1.8.2.jar:/home/ealon/.m2/repository/org/apiguardian/apiguardian-api/1.1.2/apiguardian-api-1.1.2.jar:/home/ealon/.m2/repository/org/junit/jupiter/junit-jupiter-params/5.8.2/junit-jupiter-params-5.8.2.jar:/home/ealon/.m2/repository/org/junit/jupiter/junit-jupiter-engine/5.8.2/junit-jupiter-engine-5.8.2.jar:/home/ealon/.m2/repository/org/junit/platform/junit-platform-engine/1.8.2/junit-platform-engine-1.8.2.jar:/home/ealon/.m2/repository/com/sun/jersey/jersey-client/1.19.4/jersey-client-1.19.4.jar:/home/ealon/.m2/repository/com/sun/jersey/jersey-core/1.19.4/jersey-core-1.19.4.jar:/home/ealon/.m2/repository/javax/ws/rs/jsr311-api/1.1.1/jsr311-api-1.1.1.jar:/home/ealon/.m2/repository/com/sun/jersey/jersey-json/1.19.4/jersey-json-1.19.4.jar:/home/ealon/.m2/repository/org/codehaus/jettison/jettison/1.1/jettison-1.1.jar:/home/ealon/.m2/repository/com/sun/xml/bind/jaxb-impl/2.2.3-1/jaxb-impl-2.2.3-1.jar:/home/ealon/.m2/repository/javax/xml/bind/jaxb-api/2.2.2/jaxb-api-2.2.2.jar:/home/ealon/.m2/repository/javax/xml/stream/stax-api/1.0-2/stax-api-1.0-2.jar:/home/ealon/.m2/repository/javax/activation/activation/1.1/activation-1.1.jar:/home/ealon/.m2/repository/org/codehaus/jackson/jackson-core-asl/1.9.2/jackson-core-asl-1.9.2.jar:/home/ealon/.m2/repository/org/codehaus/jackson/jackson-mapper-asl/1.9.2/jackson-mapper-asl-1.9.2.jar:/home/ealon/.m2/repository/org/codehaus/jackson/jackson-jaxrs/1.9.2/jackson-jaxrs-1.9.2.jar:/home/ealon/.m2/repository/org/codehaus/jackson/jackson-xc/1.9.2/jackson-xc-1.9.2.jar:"/>
    <property name="sun.cpu.endian" value="little"/>
    <property name="user.home" value="/home/ealon"/>
    <property name="user.language" value="en"/>
    <property name="java.specification.vendor" value="Oracle Corporation"/>
    <property name="java.version.date" value="2022-04-19"/>
    <property name="java.home" value="/usr/lib/jvm/java-11-openjdk-amd64"/>
    <property name="file.separator" value="/"/>
    <property name="basedir" value="/home/ealon/git/qmp"/>
    <property name="java.vm.compressedOopsMode" value="32-bit"/>
    <property name="line.separator" value="&#10;"/>
    <property name="java.specification.name" value="Java Platform API Specification"/>
    <property name="java.vm.specification.vendor" value="Oracle Corporation"/>
    <property name="java.awt.graphicsenv" value="sun.awt.X11GraphicsEnvironment"/>
    <property name="surefire.real.class.path" value="/home/ealon/git/qmp/target/surefire/surefirebooter11338690688840193463.jar"/>
    <property name="sun.management.compiler" value="HotSpot 64-Bit Tiered Compilers"/>
    <property name="java.runtime.version" value="11.0.15+10-Ubuntu-0ubuntu0.20.04.1"/>
    <property name="user.name" value="ealon"/>
    <property name="path.separator" value=":"/>
    <property name="os.version" value="5.13.0-44-generic"/>
    <property name="java.runtime.name" value="OpenJDK Runtime Environment"/>
    <property name="file.encoding" value="UTF-8"/>
    <property name="java.vm.name" value="OpenJDK 64-Bit Server VM"/>
    <property name="localRepository" value="/home/ealon/.m2/repository"/>
    <property name="java.vendor.url.bug" value="Unknown"/>
    <property name="java.io.tmpdir" value="/tmp"/>
    <property name="java.version" value="11.0.15"/>
    <property name="user.dir" value="/home/ealon/git/qmp"/>
    <property name="os.arch" value="amd64"/>
    <property name="java.vm.specification.name" value="Java Virtual Machine Specification"/>
    <property name="java.awt.printerjob" value="sun.print.PSPrinterJob"/>
    <property name="sun.os.patch.level" value="unknown"/>
    <property name="java.library.path" value="/usr/java/packages/lib:/usr/lib/x86_64-linux-gnu/jni:/lib/x86_64-linux-gnu:/usr/lib/x86_64-linux-gnu:/usr/lib/jni:/lib:/usr/lib"/>
    <property name="java.vm.info" value="mixed mode, sharing"/>
    <property name="java.vendor" value="Private Build"/>
    <property name="java.vm.version" value="11.0.15+10-Ubuntu-0ubuntu0.20.04.1"/>
    <property name="sun.io.unicode.encoding" value="UnicodeLittle"/>
    <property name="java.class.version" value="55.0"/>
  </properties>
  <testcase name="crearUnaPrendaConColorPrimario" classname="domain.PrendaTest" time="0.067">
    <error message="Can&apos;t load library: /usr/lib/jvm/java-11-openjdk-amd64/lib/libawt_xawt.so" type="java.lang.UnsatisfiedLinkError">java.lang.UnsatisfiedLinkError: Can't load library: /usr/lib/jvm/java-11-openjdk-amd64/lib/libawt_xawt.so
	at domain.PrendaTest.crearUnaPrendaConColorPrimario(PrendaTest.java:13)
</error>
  </testcase>
  <testcase name="crearUnaPrendaConColorSecundario" classname="domain.PrendaTest" time="0">
    <error message="Could not initialize class java.awt.Color" type="java.lang.NoClassDefFoundError">java.lang.NoClassDefFoundError: Could not initialize class java.awt.Color
	at domain.PrendaTest.crearUnaPrendaConColorSecundario(PrendaTest.java:21)
</error>
  </testcase>
  <testcase name="crearUnaPrendaSinSeleccionarTipoPrimerPaso" classname="domain.PrendaTest" time="0.011"/>
  <testcase name="crearUnaPrendaSinSeleccionarMaterialSegundoPaso" classname="domain.PrendaTest" time="0.001"/>
  <testcase name="crarUnaPrendaConColorPrimarioPorPasos" classname="domain.PrendaTest" time="0.002">
    <error message="Could not initialize class java.awt.Color" type="java.lang.NoClassDefFoundError">java.lang.NoClassDefFoundError: Could not initialize class java.awt.Color
	at domain.PrendaTest.crarUnaPrendaConColorPrimarioPorPasos(PrendaTest.java:33)
</error>
  </testcase>
  <testcase name="crarUnaPrendaConColorSecundarioPorPasos" classname="domain.PrendaTest" time="0.001">
    <error message="Could not initialize class java.awt.Color" type="java.lang.NoClassDefFoundError">java.lang.NoClassDefFoundError: Could not initialize class java.awt.Color
	at domain.PrendaTest.crarUnaPrendaConColorSecundarioPorPasos(PrendaTest.java:44)
</error>
  </testcase>
</testsuite>